<?xml version="1.0" encoding="UTF-8"?>
<!-- Generated by org.testng.reporters.JUnitReportReporter -->
<testsuite hostname="MWDH-Work2" failures="0" tests="1" name="ass1W10D2.ChromWebDriverAss1W10D2" time="5.451" errors="0" timestamp="2022-08-19T16:06:35 AST" skipped="0">
  <testcase classname="ass1W10D2.ChromWebDriverAss1W10D2" name="TestNG" time="5.451"/>
  <system-out/>
</testsuite> <!-- ass1W10D2.ChromWebDriverAss1W10D2 -->
